  main.cpp
C:\Users\Karpova\Desktop\учебные приколы\2 семестр\вп\hw1\hw1\main.cpp(22,79): warning C4244: аргумент: преобразование "double" в "T", возможна потеря данных
          with
          [
              T=float
          ]
C:\Users\Karpova\Desktop\учебные приколы\2 семестр\вп\hw1\hw1\main.cpp(22,27): warning C4244: аргумент: преобразование "double" в "T", возможна потеря данных
          with
          [
              T=float
          ]
C:\Users\Karpova\Desktop\учебные приколы\2 семестр\вп\hw1\hw1\main.cpp(33,27): warning C4305: аргумент: усечение из "double" в "float"
C:\Users\Karpova\Desktop\учебные приколы\2 семестр\вп\hw1\hw1\main.cpp(40,43): warning C4244: аргумент: преобразование "int" в "T", возможна потеря данных
          with
          [
              T=float
          ]
C:\Users\Karpova\Desktop\учебные приколы\2 семестр\вп\hw1\hw1\main.cpp(41,45): warning C4244: аргумент: преобразование "int" в "T", возможна потеря данных
          with
          [
              T=float
          ]
C:\Users\Karpova\Desktop\учебные приколы\2 семестр\вп\hw1\hw1\main.cpp(42,45): warning C4244: аргумент: преобразование "int" в "T", возможна потеря данных
          with
          [
              T=float
          ]
C:\Users\Karpova\Desktop\учебные приколы\2 семестр\вп\hw1\hw1\main.cpp(62,38): warning C4244: аргумент: преобразование "int" в "T", возможна потеря данных
          with
          [
              T=float
          ]
C:\Users\Karpova\Desktop\учебные приколы\2 семестр\вп\hw1\hw1\main.cpp(65,40): warning C4244: аргумент: преобразование "int" в "T", возможна потеря данных
          with
          [
              T=float
          ]
C:\Users\Karpova\Desktop\учебные приколы\2 семестр\вп\hw1\hw1\main.cpp(68,40): warning C4244: аргумент: преобразование "int" в "T", возможна потеря данных
          with
          [
              T=float
          ]
C:\Users\Karpova\Desktop\учебные приколы\2 семестр\вп\hw1\hw1\main.cpp(89,33): warning C4244: аргумент: преобразование "int" в "float", возможна потеря данных
C:\Users\Karpova\Desktop\учебные приколы\2 семестр\вп\hw1\hw1\main.cpp(90,29): warning C4244: аргумент: преобразование "int" в "float", возможна потеря данных
C:\Users\Karpova\Desktop\учебные приколы\2 семестр\вп\hw1\hw1\main.cpp(93,33): warning C4244: аргумент: преобразование "int" в "float", возможна потеря данных
C:\Users\Karpova\Desktop\учебные приколы\2 семестр\вп\hw1\hw1\main.cpp(94,29): warning C4244: аргумент: преобразование "int" в "float", возможна потеря данных
C:\Users\Karpova\Desktop\учебные приколы\2 семестр\вп\hw1\hw1\main.cpp(97,31): warning C4244: аргумент: преобразование "int" в "float", возможна потеря данных
C:\Users\Karpova\Desktop\учебные приколы\2 семестр\вп\hw1\hw1\main.cpp(98,27): warning C4244: аргумент: преобразование "int" в "float", возможна потеря данных
  hw1.vcxproj -> C:\Users\Karpova\Desktop\учебные приколы\2 семестр\вп\hw1\x64\Debug\hw1.exe
